<?xml version="1.0" encoding="UTF-8"?>
<testng-results ignored="0" total="9" passed="8" failed="1" skipped="0">
  <reporter-output>
  </reporter-output>
  <suite started-at="2025-04-20T11:35:57 IST" name="Suite" finished-at="2025-04-20T11:55:59 IST" duration-ms="1201928">
    <groups>
    </groups>
    <test started-at="2025-04-20T11:35:57 IST" name="Test" finished-at="2025-04-20T11:55:59 IST" duration-ms="1201928">
      <class name="eCommerce.HomePageTest">
        <test-method is-config="true" signature="Setup()[pri:0, instance:eCommerce.HomePageTest@44c03695]" started-at="2025-04-20T11:35:57 IST" name="Setup" finished-at="2025-04-20T11:36:32 IST" duration-ms="34661" status="PASS">
          <reporter-output>
          </reporter-output>
        </test-method> <!-- Setup -->
        <test-method signature="testHomePage()[pri:0, instance:eCommerce.HomePageTest@44c03695]" started-at="2025-04-20T11:36:32 IST" name="testHomePage" finished-at="2025-04-20T11:37:34 IST" duration-ms="61935" status="PASS">
          <reporter-output>
          </reporter-output>
        </test-method> <!-- testHomePage -->
        <test-method is-config="true" signature="tearDown()[pri:0, instance:eCommerce.HomePageTest@44c03695]" started-at="2025-04-20T11:37:34 IST" name="tearDown" finished-at="2025-04-20T11:37:38 IST" duration-ms="4171" status="PASS">
          <reporter-output>
          </reporter-output>
        </test-method> <!-- tearDown -->
      </class> <!-- eCommerce.HomePageTest -->
      <class name="eCommerce.SearchPageTest">
        <test-method is-config="true" signature="Setup()[pri:0, instance:eCommerce.SearchPageTest@279fedbd]" started-at="2025-04-20T11:47:12 IST" name="Setup" finished-at="2025-04-20T11:47:47 IST" duration-ms="34235" status="PASS">
          <reporter-output>
          </reporter-output>
        </test-method> <!-- Setup -->
        <test-method signature="verifySearch(java.lang.String)[pri:1, instance:eCommerce.SearchPageTest@279fedbd]" started-at="2025-04-20T11:47:47 IST" name="verifySearch" data-provider="VSearch" finished-at="2025-04-20T11:49:15 IST" duration-ms="87894" status="PASS">
          <params>
            <param index="0">
              <value>
                <![CDATA[Shoes]]>
              </value>
            </param>
          </params>
          <reporter-output>
          </reporter-output>
        </test-method> <!-- verifySearch -->
        <test-method is-config="true" signature="tearDown()[pri:0, instance:eCommerce.SearchPageTest@279fedbd]" started-at="2025-04-20T11:49:15 IST" name="tearDown" finished-at="2025-04-20T11:49:19 IST" duration-ms="4170" status="PASS">
          <reporter-output>
          </reporter-output>
        </test-method> <!-- tearDown -->
        <test-method is-config="true" signature="Setup()[pri:0, instance:eCommerce.SearchPageTest@279fedbd]" started-at="2025-04-20T11:49:19 IST" name="Setup" finished-at="2025-04-20T11:49:51 IST" duration-ms="32222" status="PASS">
          <reporter-output>
          </reporter-output>
        </test-method> <!-- Setup -->
        <test-method signature="verifySearch(java.lang.String)[pri:1, instance:eCommerce.SearchPageTest@279fedbd]" started-at="2025-04-20T11:49:51 IST" name="verifySearch" data-provider="VSearch" finished-at="2025-04-20T11:51:20 IST" duration-ms="89119" status="PASS">
          <params>
            <param index="0">
              <value>
                <![CDATA[Chair]]>
              </value>
            </param>
          </params>
          <reporter-output>
          </reporter-output>
        </test-method> <!-- verifySearch -->
        <test-method is-config="true" signature="tearDown()[pri:0, instance:eCommerce.SearchPageTest@279fedbd]" started-at="2025-04-20T11:51:20 IST" name="tearDown" finished-at="2025-04-20T11:51:24 IST" duration-ms="4231" status="PASS">
          <reporter-output>
          </reporter-output>
        </test-method> <!-- tearDown -->
        <test-method is-config="true" signature="Setup()[pri:0, instance:eCommerce.SearchPageTest@279fedbd]" started-at="2025-04-20T11:51:24 IST" name="Setup" finished-at="2025-04-20T11:51:54 IST" duration-ms="29975" status="PASS">
          <reporter-output>
          </reporter-output>
        </test-method> <!-- Setup -->
        <test-method signature="verifySearch(java.lang.String)[pri:1, instance:eCommerce.SearchPageTest@279fedbd]" started-at="2025-04-20T11:51:54 IST" name="verifySearch" data-provider="VSearch" finished-at="2025-04-20T11:53:28 IST" duration-ms="93881" status="PASS">
          <params>
            <param index="0">
              <value>
                <![CDATA[Tables]]>
              </value>
            </param>
          </params>
          <reporter-output>
          </reporter-output>
        </test-method> <!-- verifySearch -->
        <test-method is-config="true" signature="tearDown()[pri:0, instance:eCommerce.SearchPageTest@279fedbd]" started-at="2025-04-20T11:53:28 IST" name="tearDown" finished-at="2025-04-20T11:53:32 IST" duration-ms="4185" status="PASS">
          <reporter-output>
          </reporter-output>
        </test-method> <!-- tearDown -->
        <test-method is-config="true" signature="Setup()[pri:0, instance:eCommerce.SearchPageTest@279fedbd]" started-at="2025-04-20T11:53:32 IST" name="Setup" finished-at="2025-04-20T11:54:50 IST" duration-ms="77563" status="PASS">
          <reporter-output>
          </reporter-output>
        </test-method> <!-- Setup -->
        <test-method signature="verifySearch(java.lang.String)[pri:1, instance:eCommerce.SearchPageTest@279fedbd]" started-at="2025-04-20T11:54:50 IST" name="verifySearch" data-provider="VSearch" finished-at="2025-04-20T11:55:55 IST" duration-ms="65064" status="PASS">
          <params>
            <param index="0">
              <value>
                <![CDATA[Mobile]]>
              </value>
            </param>
          </params>
          <reporter-output>
          </reporter-output>
        </test-method> <!-- verifySearch -->
        <test-method is-config="true" signature="tearDown()[pri:0, instance:eCommerce.SearchPageTest@279fedbd]" started-at="2025-04-20T11:55:55 IST" name="tearDown" finished-at="2025-04-20T11:55:59 IST" duration-ms="4164" status="PASS">
          <reporter-output>
          </reporter-output>
        </test-method> <!-- tearDown -->
      </class> <!-- eCommerce.SearchPageTest -->
      <class name="eCommerce.LoginTest">
        <test-method is-config="true" signature="Setup()[pri:0, instance:eCommerce.LoginTest@752325ad]" started-at="2025-04-20T11:37:39 IST" name="Setup" finished-at="2025-04-20T11:38:16 IST" duration-ms="36539" status="PASS">
          <reporter-output>
          </reporter-output>
        </test-method> <!-- Setup -->
        <test-method signature="validLoginTest(java.lang.String,java.lang.String)[pri:1, instance:eCommerce.LoginTest@752325ad]" started-at="2025-04-20T11:38:16 IST" name="validLoginTest" data-provider="VLogin" finished-at="2025-04-20T11:39:21 IST" duration-ms="65326" status="FAIL">
          <params>
            <param index="0">
              <value>
                <![CDATA[9765775813]]>
              </value>
            </param>
            <param index="1">
              <value>
                <![CDATA[Mahesh@123]]>
              </value>
            </param>
          </params>
          <exception class="org.openqa.selenium.ElementNotInteractableException">
            <message>
              <![CDATA[element not interactable
  (Session info: chrome=135.0.7049.96)
Build info: version: '4.18.1', revision: 'b1d3319b48'
System info: os.name: 'Mac OS X', os.arch: 'x86_64', os.version: '15.1.1', java.version: '23.0.1'
Driver info: org.openqa.selenium.chrome.ChromeDriver
Command: [f983cc44847cfdb10a96955dd3360db8, clickElement {id=f.537773C35983578BC7C2477C3EF869C3.d.01856715A3D3AA07184855649631E664.e.147}]
Capabilities {acceptInsecureCerts: false, browserName: chrome, browserVersion: 135.0.7049.96, chrome: {chromedriverVersion: 135.0.7049.95 (de2eb485a195..., userDataDir: /var/folders/ml/9w8qckmn5cs...}, fedcm:accounts: true, goog:chromeOptions: {debuggerAddress: localhost:53794}, networkConnectionEnabled: false, pageLoadStrategy: normal, platformName: mac, proxy: Proxy(), se:cdp: ws://localhost:53794/devtoo..., se:cdpVersion: 135.0.7049.96, setWindowRect: true, strictFileInteractability: false, timeouts: {implicit: 0, pageLoad: 300000, script: 30000}, unhandledPromptBehavior: dismiss and notify, webauthn:extension:credBlob: true, webauthn:extension:largeBlob: true, webauthn:extension:minPinLength: true, webauthn:extension:prf: true, webauthn:virtualAuthenticators: true}
Element: [[ChromeDriver: chrome on mac (f983cc44847cfdb10a96955dd3360db8)] -> xpath: //span[@class='nav-action-inner']]
Session ID: f983cc44847cfdb10a96955dd3360db8]]>
            </message>
            <full-stacktrace>
              <![CDATA[org.openqa.selenium.ElementNotInteractableException: element not interactable
  (Session info: chrome=135.0.7049.96)
Build info: version: '4.18.1', revision: 'b1d3319b48'
System info: os.name: 'Mac OS X', os.arch: 'x86_64', os.version: '15.1.1', java.version: '23.0.1'
Driver info: org.openqa.selenium.chrome.ChromeDriver
Command: [f983cc44847cfdb10a96955dd3360db8, clickElement {id=f.537773C35983578BC7C2477C3EF869C3.d.01856715A3D3AA07184855649631E664.e.147}]
Capabilities {acceptInsecureCerts: false, browserName: chrome, browserVersion: 135.0.7049.96, chrome: {chromedriverVersion: 135.0.7049.95 (de2eb485a195..., userDataDir: /var/folders/ml/9w8qckmn5cs...}, fedcm:accounts: true, goog:chromeOptions: {debuggerAddress: localhost:53794}, networkConnectionEnabled: false, pageLoadStrategy: normal, platformName: mac, proxy: Proxy(), se:cdp: ws://localhost:53794/devtoo..., se:cdpVersion: 135.0.7049.96, setWindowRect: true, strictFileInteractability: false, timeouts: {implicit: 0, pageLoad: 300000, script: 30000}, unhandledPromptBehavior: dismiss and notify, webauthn:extension:credBlob: true, webauthn:extension:largeBlob: true, webauthn:extension:minPinLength: true, webauthn:extension:prf: true, webauthn:virtualAuthenticators: true}
Element: [[ChromeDriver: chrome on mac (f983cc44847cfdb10a96955dd3360db8)] -> xpath: //span[@class='nav-action-inner']]
Session ID: f983cc44847cfdb10a96955dd3360db8
at java.base/jdk.internal.reflect.DirectConstructorHandleAccessor.newInstance(DirectConstructorHandleAccessor.java:62)
at java.base/java.lang.reflect.Constructor.newInstanceWithCaller(Constructor.java:501)
at java.base/java.lang.reflect.Constructor.newInstance(Constructor.java:485)
at org.openqa.selenium.remote.ErrorCodec.decode(ErrorCodec.java:167)
at org.openqa.selenium.remote.codec.w3c.W3CHttpResponseCodec.decode(W3CHttpResponseCodec.java:138)
at org.openqa.selenium.remote.codec.w3c.W3CHttpResponseCodec.decode(W3CHttpResponseCodec.java:50)
at org.openqa.selenium.remote.HttpCommandExecutor.execute(HttpCommandExecutor.java:190)
at org.openqa.selenium.remote.service.DriverCommandExecutor.invokeExecute(DriverCommandExecutor.java:216)
at org.openqa.selenium.remote.service.DriverCommandExecutor.execute(DriverCommandExecutor.java:174)
at org.openqa.selenium.remote.RemoteWebDriver.execute(RemoteWebDriver.java:519)
at org.openqa.selenium.remote.RemoteWebElement.execute(RemoteWebElement.java:223)
at org.openqa.selenium.remote.RemoteWebElement.click(RemoteWebElement.java:76)
at java.base/jdk.internal.reflect.DirectMethodHandleAccessor.invoke(DirectMethodHandleAccessor.java:103)
at java.base/java.lang.reflect.Method.invoke(Method.java:580)
at org.openqa.selenium.support.pagefactory.internal.LocatingElementHandler.invoke(LocatingElementHandler.java:51)
at jdk.proxy2/jdk.proxy2.$Proxy13.click(Unknown Source)
at eCommerce.Amazon.HomePage.SigninClick(HomePage.java:32)
at eCommerce.LoginTest.validLoginTest(LoginTest.java:33)
at java.base/jdk.internal.reflect.DirectMethodHandleAccessor.invoke(DirectMethodHandleAccessor.java:103)
at java.base/java.lang.reflect.Method.invoke(Method.java:580)
at org.testng.internal.invokers.MethodInvocationHelper.invokeMethod(MethodInvocationHelper.java:141)
at org.testng.internal.invokers.TestInvoker.invokeMethod(TestInvoker.java:686)
at org.testng.internal.invokers.TestInvoker.invokeTestMethod(TestInvoker.java:230)
at org.testng.internal.invokers.MethodRunner.runInSequence(MethodRunner.java:63)
at org.testng.internal.invokers.TestInvoker$MethodInvocationAgent.invoke(TestInvoker.java:992)
at org.testng.internal.invokers.TestInvoker.invokeTestMethods(TestInvoker.java:203)
at org.testng.internal.invokers.TestMethodWorker.invokeTestMethods(TestMethodWorker.java:154)
at org.testng.internal.invokers.TestMethodWorker.run(TestMethodWorker.java:134)
at java.base/java.util.ArrayList.forEach(ArrayList.java:1597)
at org.testng.TestRunner.privateRun(TestRunner.java:739)
at org.testng.TestRunner.run(TestRunner.java:614)
at org.testng.SuiteRunner.runTest(SuiteRunner.java:421)
at org.testng.SuiteRunner.runSequentially(SuiteRunner.java:413)
at org.testng.SuiteRunner.privateRun(SuiteRunner.java:373)
at org.testng.SuiteRunner.run(SuiteRunner.java:312)
at org.testng.SuiteRunnerWorker.runSuite(SuiteRunnerWorker.java:52)
at org.testng.SuiteRunnerWorker.run(SuiteRunnerWorker.java:95)
at org.testng.TestNG.runSuitesSequentially(TestNG.java:1274)
at org.testng.TestNG.runSuitesLocally(TestNG.java:1208)
at org.testng.TestNG.runSuites(TestNG.java:1112)
at org.testng.TestNG.run(TestNG.java:1079)
at org.testng.remote.AbstractRemoteTestNG.run(AbstractRemoteTestNG.java:115)
at org.testng.remote.RemoteTestNG.initAndRun(RemoteTestNG.java:293)
at org.testng.remote.RemoteTestNG.main(RemoteTestNG.java:91)
]]>
            </full-stacktrace>
          </exception> <!-- org.openqa.selenium.ElementNotInteractableException -->
          <reporter-output>
          </reporter-output>
        </test-method> <!-- validLoginTest -->
        <test-method is-config="true" signature="tearDown()[pri:0, instance:eCommerce.LoginTest@752325ad]" started-at="2025-04-20T11:39:21 IST" name="tearDown" finished-at="2025-04-20T11:39:26 IST" duration-ms="4197" status="PASS">
          <reporter-output>
          </reporter-output>
        </test-method> <!-- tearDown -->
        <test-method is-config="true" signature="Setup()[pri:0, instance:eCommerce.LoginTest@752325ad]" started-at="2025-04-20T11:39:26 IST" name="Setup" finished-at="2025-04-20T11:39:59 IST" duration-ms="33798" status="PASS">
          <reporter-output>
          </reporter-output>
        </test-method> <!-- Setup -->
        <test-method signature="validLoginTest(java.lang.String,java.lang.String)[pri:1, instance:eCommerce.LoginTest@752325ad]" started-at="2025-04-20T11:39:59 IST" name="validLoginTest" data-provider="VLogin" finished-at="2025-04-20T11:42:10 IST" duration-ms="130211" status="PASS">
          <params>
            <param index="0">
              <value>
                <![CDATA[9765775813]]>
              </value>
            </param>
            <param index="1">
              <value>
                <![CDATA[Mahesh@123]]>
              </value>
            </param>
          </params>
          <reporter-output>
          </reporter-output>
        </test-method> <!-- validLoginTest -->
        <test-method is-config="true" signature="tearDown()[pri:0, instance:eCommerce.LoginTest@752325ad]" started-at="2025-04-20T11:42:10 IST" name="tearDown" finished-at="2025-04-20T11:42:14 IST" duration-ms="4187" status="PASS">
          <reporter-output>
          </reporter-output>
        </test-method> <!-- tearDown -->
        <test-method is-config="true" signature="Setup()[pri:0, instance:eCommerce.LoginTest@752325ad]" started-at="2025-04-20T11:42:14 IST" name="Setup" finished-at="2025-04-20T11:42:46 IST" duration-ms="32462" status="PASS">
          <reporter-output>
          </reporter-output>
        </test-method> <!-- Setup -->
        <test-method signature="InvalidLoginTest(java.lang.String,java.lang.String)[pri:2, instance:eCommerce.LoginTest@752325ad]" started-at="2025-04-20T11:42:46 IST" name="InvalidLoginTest" data-provider="InvLogin" finished-at="2025-04-20T11:44:43 IST" duration-ms="116711" status="PASS">
          <params>
            <param index="0">
              <value>
                <![CDATA[testing@gmail.com]]>
              </value>
            </param>
            <param index="1">
              <value>
                <![CDATA[432]]>
              </value>
            </param>
          </params>
          <reporter-output>
          </reporter-output>
        </test-method> <!-- InvalidLoginTest -->
        <test-method is-config="true" signature="tearDown()[pri:0, instance:eCommerce.LoginTest@752325ad]" started-at="2025-04-20T11:44:43 IST" name="tearDown" finished-at="2025-04-20T11:44:48 IST" duration-ms="4370" status="PASS">
          <reporter-output>
          </reporter-output>
        </test-method> <!-- tearDown -->
        <test-method is-config="true" signature="Setup()[pri:0, instance:eCommerce.LoginTest@752325ad]" started-at="2025-04-20T11:44:48 IST" name="Setup" finished-at="2025-04-20T11:45:18 IST" duration-ms="30060" status="PASS">
          <reporter-output>
          </reporter-output>
        </test-method> <!-- Setup -->
        <test-method signature="InvalidLoginTest(java.lang.String,java.lang.String)[pri:2, instance:eCommerce.LoginTest@752325ad]" started-at="2025-04-20T11:45:18 IST" name="InvalidLoginTest" data-provider="InvLogin" finished-at="2025-04-20T11:47:08 IST" duration-ms="110389" status="PASS">
          <params>
            <param index="0">
              <value>
                <![CDATA[testing@gmail.com]]>
              </value>
            </param>
            <param index="1">
              <value>
                <![CDATA[432]]>
              </value>
            </param>
          </params>
          <reporter-output>
          </reporter-output>
        </test-method> <!-- InvalidLoginTest -->
        <test-method is-config="true" signature="tearDown()[pri:0, instance:eCommerce.LoginTest@752325ad]" started-at="2025-04-20T11:47:08 IST" name="tearDown" finished-at="2025-04-20T11:47:12 IST" duration-ms="4161" status="PASS">
          <reporter-output>
          </reporter-output>
        </test-method> <!-- tearDown -->
      </class> <!-- eCommerce.LoginTest -->
    </test> <!-- Test -->
  </suite> <!-- Suite -->
</testng-results>
